Attaching to back-end, database
database  | 
database  | PostgreSQL Database directory appears to contain a database; Skipping initialization
database  | 
back-end  | 
back-end  |   .   ____          _            __ _ _
back-end  |  /\\ / ___'_ __ _ _(_)_ __  __ _ \ \ \ \
back-end  | ( ( )\___ | '_ | '_| | '_ \/ _` | \ \ \ \
back-end  |  \\/  ___)| |_)| | | | | || (_| |  ) ) ) )
back-end  |   '  |____| .__|_| |_|_| |_\__, | / / / /
back-end  |  =========|_|==============|___/=/_/_/_/
back-end  | 
back-end  |  :: Spring Boot ::                (v3.4.0)
back-end  | 
back-end  | 2025-01-21T02:01:21.947Z  INFO 1 --- [ShortenerUrl] [           main] c.p.S.ShortenerUrlApplication            : Starting ShortenerUrlApplication v0.0.1-SNAPSHOT using Java 21 with PID 1 (/app/app.jar started by root in /app)
back-end  | 2025-01-21T02:01:21.953Z  INFO 1 --- [ShortenerUrl] [           main] c.p.S.ShortenerUrlApplication            : No active profile set, falling back to 1 default profile: "default"
back-end  | 2025-01-21T02:01:23.238Z  INFO 1 --- [ShortenerUrl] [           main] .s.d.r.c.RepositoryConfigurationDelegate : Bootstrapping Spring Data JPA repositories in DEFAULT mode.
back-end  | 2025-01-21T02:01:23.304Z  INFO 1 --- [ShortenerUrl] [           main] .s.d.r.c.RepositoryConfigurationDelegate : Finished Spring Data repository scanning in 56 ms. Found 1 JPA repository interface.
back-end  | 2025-01-21T02:01:23.974Z  INFO 1 --- [ShortenerUrl] [           main] o.s.b.w.embedded.tomcat.TomcatWebServer  : Tomcat initialized with port 8080 (http)
back-end  | 2025-01-21T02:01:23.992Z  INFO 1 --- [ShortenerUrl] [           main] o.apache.catalina.core.StandardService   : Starting service [Tomcat]
back-end  | 2025-01-21T02:01:23.993Z  INFO 1 --- [ShortenerUrl] [           main] o.apache.catalina.core.StandardEngine    : Starting Servlet engine: [Apache Tomcat/10.1.33]
back-end  | 2025-01-21T02:01:24.052Z  INFO 1 --- [ShortenerUrl] [           main] o.a.c.c.C.[Tomcat].[localhost].[/]       : Initializing Spring embedded WebApplicationContext
back-end  | 2025-01-21T02:01:24.053Z  INFO 1 --- [ShortenerUrl] [           main] w.s.c.ServletWebServerApplicationContext : Root WebApplicationContext: initialization completed in 2030 ms
back-end  | 2025-01-21T02:01:24.329Z  INFO 1 --- [ShortenerUrl] [           main] o.hibernate.jpa.internal.util.LogHelper  : HHH000204: Processing PersistenceUnitInfo [name: default]
back-end  | 2025-01-21T02:01:24.404Z  INFO 1 --- [ShortenerUrl] [           main] org.hibernate.Version                    : HHH000412: Hibernate ORM core version 6.6.2.Final
back-end  | 2025-01-21T02:01:24.453Z  INFO 1 --- [ShortenerUrl] [           main] o.h.c.internal.RegionFactoryInitiator    : HHH000026: Second-level cache disabled
back-end  | 2025-01-21T02:01:24.906Z  INFO 1 --- [ShortenerUrl] [           main] o.s.o.j.p.SpringPersistenceUnitInfo      : No LoadTimeWeaver setup: ignoring JPA class transformer
back-end  | 2025-01-21T02:01:24.946Z  INFO 1 --- [ShortenerUrl] [           main] com.zaxxer.hikari.HikariDataSource       : HikariPool-1 - Starting...
back-end  | 2025-01-21T02:01:26.120Z  WARN 1 --- [ShortenerUrl] [           main] o.h.engine.jdbc.spi.SqlExceptionHelper   : SQL Error: 0, SQLState: 08001
back-end  | 2025-01-21T02:01:26.120Z ERROR 1 --- [ShortenerUrl] [           main] o.h.engine.jdbc.spi.SqlExceptionHelper   : Connection to localhost:5432 refused. Check that the hostname and port are correct and that the postmaster is accepting TCP/IP connections.
back-end  | 2025-01-21T02:01:26.121Z  WARN 1 --- [ShortenerUrl] [           main] o.h.e.j.e.i.JdbcEnvironmentInitiator     : HHH000342: Could not obtain connection to query metadata
back-end  | 
back-end  | org.hibernate.exception.JDBCConnectionException: unable to obtain isolated JDBC connection [Connection to localhost:5432 refused. Check that the hostname and port are correct and that the postmaster is accepting TCP/IP connections.] [n/a]
back-end  | 	at org.hibernate.exception.internal.SQLStateConversionDelegate.convert(SQLStateConversionDelegate.java:100) ~[hibernate-core-6.6.2.Final.jar!/:6.6.2.Final]
back-end  | 	at org.hibernate.exception.internal.StandardSQLExceptionConverter.convert(StandardSQLExceptionConverter.java:58) ~[hibernate-core-6.6.2.Final.jar!/:6.6.2.Final]
back-end  | 	at org.hibernate.engine.jdbc.spi.SqlExceptionHelper.convert(SqlExceptionHelper.java:108) ~[hibernate-core-6.6.2.Final.jar!/:6.6.2.Final]
back-end  | 	at org.hibernate.engine.jdbc.spi.SqlExceptionHelper.convert(SqlExceptionHelper.java:94) ~[hibernate-core-6.6.2.Final.jar!/:6.6.2.Final]
back-end  | 	at org.hibernate.resource.transaction.backend.jdbc.internal.JdbcIsolationDelegate.delegateWork(JdbcIsolationDelegate.java:116) ~[hibernate-core-6.6.2.Final.jar!/:6.6.2.Final]
back-end  | 	at org.hibernate.engine.jdbc.env.internal.JdbcEnvironmentInitiator.getJdbcEnvironmentUsingJdbcMetadata(JdbcEnvironmentInitiator.java:320) ~[hibernate-core-6.6.2.Final.jar!/:6.6.2.Final]
back-end  | 	at org.hibernate.engine.jdbc.env.internal.JdbcEnvironmentInitiator.initiateService(JdbcEnvironmentInitiator.java:129) ~[hibernate-core-6.6.2.Final.jar!/:6.6.2.Final]
back-end  | 	at org.hibernate.engine.jdbc.env.internal.JdbcEnvironmentInitiator.initiateService(JdbcEnvironmentInitiator.java:81) ~[hibernate-core-6.6.2.Final.jar!/:6.6.2.Final]
back-end  | 	at org.hibernate.boot.registry.internal.StandardServiceRegistryImpl.initiateService(StandardServiceRegistryImpl.java:130) ~[hibernate-core-6.6.2.Final.jar!/:6.6.2.Final]
back-end  | 	at org.hibernate.service.internal.AbstractServiceRegistryImpl.createService(AbstractServiceRegistryImpl.java:263) ~[hibernate-core-6.6.2.Final.jar!/:6.6.2.Final]
back-end  | 	at org.hibernate.service.internal.AbstractServiceRegistryImpl.initializeService(AbstractServiceRegistryImpl.java:238) ~[hibernate-core-6.6.2.Final.jar!/:6.6.2.Final]
back-end  | 	at org.hibernate.service.internal.AbstractServiceRegistryImpl.getService(AbstractServiceRegistryImpl.java:215) ~[hibernate-core-6.6.2.Final.jar!/:6.6.2.Final]
back-end  | 	at org.hibernate.boot.model.relational.Database.<init>(Database.java:45) ~[hibernate-core-6.6.2.Final.jar!/:6.6.2.Final]
back-end  | 	at org.hibernate.boot.internal.InFlightMetadataCollectorImpl.getDatabase(InFlightMetadataCollectorImpl.java:226) ~[hibernate-core-6.6.2.Final.jar!/:6.6.2.Final]
back-end  | 	at org.hibernate.boot.internal.InFlightMetadataCollectorImpl.<init>(InFlightMetadataCollectorImpl.java:194) ~[hibernate-core-6.6.2.Final.jar!/:6.6.2.Final]
back-end  | 	at org.hibernate.boot.model.process.spi.MetadataBuildingProcess.complete(MetadataBuildingProcess.java:171) ~[hibernate-core-6.6.2.Final.jar!/:6.6.2.Final]
back-end  | 	at org.hibernate.jpa.boot.internal.EntityManagerFactoryBuilderImpl.metadata(EntityManagerFactoryBuilderImpl.java:1431) ~[hibernate-core-6.6.2.Final.jar!/:6.6.2.Final]
back-end  | 	at org.hibernate.jpa.boot.internal.EntityManagerFactoryBuilderImpl.build(EntityManagerFactoryBuilderImpl.java:1502) ~[hibernate-core-6.6.2.Final.jar!/:6.6.2.Final]
back-end  | 	at org.springframework.orm.jpa.vendor.SpringHibernateJpaPersistenceProvider.createContainerEntityManagerFactory(SpringHibernateJpaPersistenceProvider.java:66) ~[spring-orm-6.2.0.jar!/:6.2.0]
back-end  | 	at org.springframework.orm.jpa.LocalContainerEntityManagerFactoryBean.createNativeEntityManagerFactory(LocalContainerEntityManagerFactoryBean.java:390) ~[spring-orm-6.2.0.jar!/:6.2.0]
back-end  | 	at org.springframework.orm.jpa.AbstractEntityManagerFactoryBean.buildNativeEntityManagerFactory(AbstractEntityManagerFactoryBean.java:419) ~[spring-orm-6.2.0.jar!/:6.2.0]
back-end  | 	at org.springframework.orm.jpa.AbstractEntityManagerFactoryBean.afterPropertiesSet(AbstractEntityManagerFactoryBean.java:400) ~[spring-orm-6.2.0.jar!/:6.2.0]
back-end  | 	at org.springframework.orm.jpa.LocalContainerEntityManagerFactoryBean.afterPropertiesSet(LocalContainerEntityManagerFactoryBean.java:366) ~[spring-orm-6.2.0.jar!/:6.2.0]
back-end  | 	at org.springframework.beans.factory.support.AbstractAutowireCapableBeanFactory.invokeInitMethods(AbstractAutowireCapableBeanFactory.java:1849) ~[spring-beans-6.2.0.jar!/:6.2.0]
back-end  | 	at org.springframework.beans.factory.support.AbstractAutowireCapableBeanFactory.initializeBean(AbstractAutowireCapableBeanFactory.java:1798) ~[spring-beans-6.2.0.jar!/:6.2.0]
back-end  | 	at org.springframework.beans.factory.support.AbstractAutowireCapableBeanFactory.doCreateBean(AbstractAutowireCapableBeanFactory.java:601) ~[spring-beans-6.2.0.jar!/:6.2.0]
back-end  | 	at org.springframework.beans.factory.support.AbstractAutowireCapableBeanFactory.createBean(AbstractAutowireCapableBeanFactory.java:523) ~[spring-beans-6.2.0.jar!/:6.2.0]
back-end  | 	at org.springframework.beans.factory.support.AbstractBeanFactory.lambda$doGetBean$0(AbstractBeanFactory.java:336) ~[spring-beans-6.2.0.jar!/:6.2.0]
back-end  | 	at org.springframework.beans.factory.support.DefaultSingletonBeanRegistry.getSingleton(DefaultSingletonBeanRegistry.java:288) ~[spring-beans-6.2.0.jar!/:6.2.0]
back-end  | 	at org.springframework.beans.factory.support.AbstractBeanFactory.doGetBean(AbstractBeanFactory.java:334) ~[spring-beans-6.2.0.jar!/:6.2.0]
back-end  | 	at org.springframework.beans.factory.support.AbstractBeanFactory.getBean(AbstractBeanFactory.java:204) ~[spring-beans-6.2.0.jar!/:6.2.0]
back-end  | 	at org.springframework.context.support.AbstractApplicationContext.finishBeanFactoryInitialization(AbstractApplicationContext.java:970) ~[spring-context-6.2.0.jar!/:6.2.0]
back-end  | 	at org.springframework.context.support.AbstractApplicationContext.refresh(AbstractApplicationContext.java:627) ~[spring-context-6.2.0.jar!/:6.2.0]
back-end  | 	at org.springframework.boot.web.servlet.context.ServletWebServerApplicationContext.refresh(ServletWebServerApplicationContext.java:146) ~[spring-boot-3.4.0.jar!/:3.4.0]
back-end  | 	at org.springframework.boot.SpringApplication.refresh(SpringApplication.java:752) ~[spring-boot-3.4.0.jar!/:3.4.0]
back-end  | 	at org.springframework.boot.SpringApplication.refreshContext(SpringApplication.java:439) ~[spring-boot-3.4.0.jar!/:3.4.0]
back-end  | 	at org.springframework.boot.SpringApplication.run(SpringApplication.java:318) ~[spring-boot-3.4.0.jar!/:3.4.0]
back-end  | 	at org.springframework.boot.SpringApplication.run(SpringApplication.java:1361) ~[spring-boot-3.4.0.jar!/:3.4.0]
back-end  | 	at org.springframework.boot.SpringApplication.run(SpringApplication.java:1350) ~[spring-boot-3.4.0.jar!/:3.4.0]
back-end  | 	at com.project.ShortenerUrl.ShortenerUrlApplication.main(ShortenerUrlApplication.java:10) ~[!/:0.0.1-SNAPSHOT]
back-end  | 	at java.base/jdk.internal.reflect.DirectMethodHandleAccessor.invoke(DirectMethodHandleAccessor.java:103) ~[na:na]
back-end  | 	at java.base/java.lang.reflect.Method.invoke(Method.java:580) ~[na:na]
back-end  | 	at org.springframework.boot.loader.launch.Launcher.launch(Launcher.java:102) ~[app.jar:0.0.1-SNAPSHOT]
back-end  | 	at org.springframework.boot.loader.launch.Launcher.launch(Launcher.java:64) ~[app.jar:0.0.1-SNAPSHOT]
back-end  | 	at org.springframework.boot.loader.launch.JarLauncher.main(JarLauncher.java:40) ~[app.jar:0.0.1-SNAPSHOT]
back-end  | Caused by: org.postgresql.util.PSQLException: Connection to localhost:5432 refused. Check that the hostname and port are correct and that the postmaster is accepting TCP/IP connections.
back-end  | 	at org.postgresql.core.v3.ConnectionFactoryImpl.openConnectionImpl(ConnectionFactoryImpl.java:352) ~[postgresql-42.7.4.jar!/:42.7.4]
back-end  | 	at org.postgresql.core.ConnectionFactory.openConnection(ConnectionFactory.java:54) ~[postgresql-42.7.4.jar!/:42.7.4]
back-end  | 	at org.postgresql.jdbc.PgConnection.<init>(PgConnection.java:273) ~[postgresql-42.7.4.jar!/:42.7.4]
back-end  | 	at org.postgresql.Driver.makeConnection(Driver.java:446) ~[postgresql-42.7.4.jar!/:42.7.4]
back-end  | 	at org.postgresql.Driver.connect(Driver.java:298) ~[postgresql-42.7.4.jar!/:42.7.4]
back-end  | 	at com.zaxxer.hikari.util.DriverDataSource.getConnection(DriverDataSource.java:137) ~[HikariCP-5.1.0.jar!/:na]
back-end  | 	at com.zaxxer.hikari.pool.PoolBase.newConnection(PoolBase.java:360) ~[HikariCP-5.1.0.jar!/:na]
back-end  | 	at com.zaxxer.hikari.pool.PoolBase.newPoolEntry(PoolBase.java:202) ~[HikariCP-5.1.0.jar!/:na]
back-end  | 	at com.zaxxer.hikari.pool.HikariPool.createPoolEntry(HikariPool.java:461) ~[HikariCP-5.1.0.jar!/:na]
back-end  | 	at com.zaxxer.hikari.pool.HikariPool.checkFailFast(HikariPool.java:550) ~[HikariCP-5.1.0.jar!/:na]
back-end  | 	at com.zaxxer.hikari.pool.HikariPool.<init>(HikariPool.java:98) ~[HikariCP-5.1.0.jar!/:na]
back-end  | 	at com.zaxxer.hikari.HikariDataSource.getConnection(HikariDataSource.java:111) ~[HikariCP-5.1.0.jar!/:na]
back-end  | 	at org.hibernate.engine.jdbc.connections.internal.DatasourceConnectionProviderImpl.getConnection(DatasourceConnectionProviderImpl.java:126) ~[hibernate-core-6.6.2.Final.jar!/:6.6.2.Final]
back-end  | 	at org.hibernate.engine.jdbc.env.internal.JdbcEnvironmentInitiator$ConnectionProviderJdbcConnectionAccess.obtainConnection(JdbcEnvironmentInitiator.java:467) ~[hibernate-core-6.6.2.Final.jar!/:6.6.2.Final]
back-end  | 	at org.hibernate.resource.transaction.backend.jdbc.internal.JdbcIsolationDelegate.delegateWork(JdbcIsolationDelegate.java:61) ~[hibernate-core-6.6.2.Final.jar!/:6.6.2.Final]
back-end  | 	... 40 common frames omitted
back-end  | Caused by: java.net.ConnectException: Connection refused
back-end  | 	at java.base/sun.nio.ch.Net.pollConnect(Native Method) ~[na:na]
back-end  | 	at java.base/sun.nio.ch.Net.pollConnectNow(Net.java:682) ~[na:na]
back-end  | 	at java.base/sun.nio.ch.NioSocketImpl.timedFinishConnect(NioSocketImpl.java:542) ~[na:na]
back-end  | 	at java.base/sun.nio.ch.NioSocketImpl.connect(NioSocketImpl.java:592) ~[na:na]
back-end  | 	at java.base/java.net.SocksSocketImpl.connect(SocksSocketImpl.java:327) ~[na:na]
back-end  | 	at java.base/java.net.Socket.connect(Socket.java:751) ~[na:na]
back-end  | 	at org.postgresql.core.PGStream.createSocket(PGStream.java:260) ~[postgresql-42.7.4.jar!/:42.7.4]
back-end  | 	at org.postgresql.core.PGStream.<init>(PGStream.java:121) ~[postgresql-42.7.4.jar!/:42.7.4]
back-end  | 	at org.postgresql.core.v3.ConnectionFactoryImpl.tryConnect(ConnectionFactoryImpl.java:140) ~[postgresql-42.7.4.jar!/:42.7.4]
back-end  | 	at org.postgresql.core.v3.ConnectionFactoryImpl.openConnectionImpl(ConnectionFactoryImpl.java:268) ~[postgresql-42.7.4.jar!/:42.7.4]
back-end  | 	... 54 common frames omitted
back-end  | 
back-end  | 2025-01-21T02:01:26.190Z  WARN 1 --- [ShortenerUrl] [           main] org.hibernate.orm.deprecation            : HHH90000025: PostgreSQLDialect does not need to be specified explicitly using 'hibernate.dialect' (remove the property setting and it will be selected by default)
back-end  | 2025-01-21T02:01:26.204Z  INFO 1 --- [ShortenerUrl] [           main] org.hibernate.orm.connections.pooling    : HHH10001005: Database info:
back-end  | 	Database JDBC URL [Connecting through datasource 'HikariDataSource (null)']
back-end  | 	Database driver: undefined/unknown
back-end  | 	Database version: 12.0
back-end  | 	Autocommit mode: undefined/unknown
back-end  | 	Isolation level: undefined/unknown
back-end  | 	Minimum pool size: undefined/unknown
back-end  | 	Maximum pool size: undefined/unknown
back-end  | 2025-01-21T02:01:27.402Z  INFO 1 --- [ShortenerUrl] [           main] o.h.e.t.j.p.i.JtaPlatformInitiator       : HHH000489: No JTA platform available (set 'hibernate.transaction.jta.platform' to enable JTA platform integration)
back-end  | 2025-01-21T02:01:27.420Z  INFO 1 --- [ShortenerUrl] [           main] com.zaxxer.hikari.HikariDataSource       : HikariPool-1 - Starting...
back-end  | 2025-01-21T02:01:28.422Z  WARN 1 --- [ShortenerUrl] [           main] o.h.engine.jdbc.spi.SqlExceptionHelper   : SQL Error: 0, SQLState: 08001
back-end  | 2025-01-21T02:01:28.422Z ERROR 1 --- [ShortenerUrl] [           main] o.h.engine.jdbc.spi.SqlExceptionHelper   : Connection to localhost:5432 refused. Check that the hostname and port are correct and that the postmaster is accepting TCP/IP connections.
back-end  | 2025-01-21T02:01:28.441Z ERROR 1 --- [ShortenerUrl] [           main] j.LocalContainerEntityManagerFactoryBean : Failed to initialize JPA EntityManagerFactory: [PersistenceUnit: default] Unable to build Hibernate SessionFactory; nested exception is org.hibernate.exception.JDBCConnectionException: Unable to open JDBC Connection for DDL execution [Connection to localhost:5432 refused. Check that the hostname and port are correct and that the postmaster is accepting TCP/IP connections.] [n/a]
back-end  | 2025-01-21T02:01:28.442Z  WARN 1 --- [ShortenerUrl] [           main] ConfigServletWebServerApplicationContext : Exception encountered during context initialization - cancelling refresh attempt: org.springframework.beans.factory.BeanCreationException: Error creating bean with name 'entityManagerFactory' defined in class path resource [org/springframework/boot/autoconfigure/orm/jpa/HibernateJpaConfiguration.class]: [PersistenceUnit: default] Unable to build Hibernate SessionFactory; nested exception is org.hibernate.exception.JDBCConnectionException: Unable to open JDBC Connection for DDL execution [Connection to localhost:5432 refused. Check that the hostname and port are correct and that the postmaster is accepting TCP/IP connections.] [n/a]
back-end  | 2025-01-21T02:01:28.450Z  INFO 1 --- [ShortenerUrl] [           main] o.apache.catalina.core.StandardService   : Stopping service [Tomcat]
back-end  | 2025-01-21T02:01:28.471Z  INFO 1 --- [ShortenerUrl] [           main] .s.b.a.l.ConditionEvaluationReportLogger : 
back-end  | 
back-end  | Error starting ApplicationContext. To display the condition evaluation report re-run your application with 'debug' enabled.
back-end  | 2025-01-21T02:01:28.502Z ERROR 1 --- [ShortenerUrl] [           main] o.s.boot.SpringApplication               : Application run failed
back-end  | 
back-end  | org.springframework.beans.factory.BeanCreationException: Error creating bean with name 'entityManagerFactory' defined in class path resource [org/springframework/boot/autoconfigure/orm/jpa/HibernateJpaConfiguration.class]: [PersistenceUnit: default] Unable to build Hibernate SessionFactory; nested exception is org.hibernate.exception.JDBCConnectionException: Unable to open JDBC Connection for DDL execution [Connection to localhost:5432 refused. Check that the hostname and port are correct and that the postmaster is accepting TCP/IP connections.] [n/a]
back-end  | 	at org.springframework.beans.factory.support.AbstractAutowireCapableBeanFactory.initializeBean(AbstractAutowireCapableBeanFactory.java:1802) ~[spring-beans-6.2.0.jar!/:6.2.0]
back-end  | 	at org.springframework.beans.factory.support.AbstractAutowireCapableBeanFactory.doCreateBean(AbstractAutowireCapableBeanFactory.java:601) ~[spring-beans-6.2.0.jar!/:6.2.0]
back-end  | 	at org.springframework.beans.factory.support.AbstractAutowireCapableBeanFactory.createBean(AbstractAutowireCapableBeanFactory.java:523) ~[spring-beans-6.2.0.jar!/:6.2.0]
back-end  | 	at org.springframework.beans.factory.support.AbstractBeanFactory.lambda$doGetBean$0(AbstractBeanFactory.java:336) ~[spring-beans-6.2.0.jar!/:6.2.0]
back-end  | 	at org.springframework.beans.factory.support.DefaultSingletonBeanRegistry.getSingleton(DefaultSingletonBeanRegistry.java:288) ~[spring-beans-6.2.0.jar!/:6.2.0]
back-end  | 	at org.springframework.beans.factory.support.AbstractBeanFactory.doGetBean(AbstractBeanFactory.java:334) ~[spring-beans-6.2.0.jar!/:6.2.0]
back-end  | 	at org.springframework.beans.factory.support.AbstractBeanFactory.getBean(AbstractBeanFactory.java:204) ~[spring-beans-6.2.0.jar!/:6.2.0]
back-end  | 	at org.springframework.context.support.AbstractApplicationContext.finishBeanFactoryInitialization(AbstractApplicationContext.java:970) ~[spring-context-6.2.0.jar!/:6.2.0]
back-end  | 	at org.springframework.context.support.AbstractApplicationContext.refresh(AbstractApplicationContext.java:627) ~[spring-context-6.2.0.jar!/:6.2.0]
back-end  | 	at org.springframework.boot.web.servlet.context.ServletWebServerApplicationContext.refresh(ServletWebServerApplicationContext.java:146) ~[spring-boot-3.4.0.jar!/:3.4.0]
back-end  | 	at org.springframework.boot.SpringApplication.refresh(SpringApplication.java:752) ~[spring-boot-3.4.0.jar!/:3.4.0]
back-end  | 	at org.springframework.boot.SpringApplication.refreshContext(SpringApplication.java:439) ~[spring-boot-3.4.0.jar!/:3.4.0]
back-end  | 	at org.springframework.boot.SpringApplication.run(SpringApplication.java:318) ~[spring-boot-3.4.0.jar!/:3.4.0]
back-end  | 	at org.springframework.boot.SpringApplication.run(SpringApplication.java:1361) ~[spring-boot-3.4.0.jar!/:3.4.0]
back-end  | 	at org.springframework.boot.SpringApplication.run(SpringApplication.java:1350) ~[spring-boot-3.4.0.jar!/:3.4.0]
back-end  | 	at com.project.ShortenerUrl.ShortenerUrlApplication.main(ShortenerUrlApplication.java:10) ~[!/:0.0.1-SNAPSHOT]
back-end  | 	at java.base/jdk.internal.reflect.DirectMethodHandleAccessor.invoke(DirectMethodHandleAccessor.java:103) ~[na:na]
back-end  | 	at java.base/java.lang.reflect.Method.invoke(Method.java:580) ~[na:na]
back-end  | 	at org.springframework.boot.loader.launch.Launcher.launch(Launcher.java:102) ~[app.jar:0.0.1-SNAPSHOT]
back-end  | 	at org.springframework.boot.loader.launch.Launcher.launch(Launcher.java:64) ~[app.jar:0.0.1-SNAPSHOT]
back-end  | 	at org.springframework.boot.loader.launch.JarLauncher.main(JarLauncher.java:40) ~[app.jar:0.0.1-SNAPSHOT]
back-end  | Caused by: jakarta.persistence.PersistenceException: [PersistenceUnit: default] Unable to build Hibernate SessionFactory; nested exception is org.hibernate.exception.JDBCConnectionException: Unable to open JDBC Connection for DDL execution [Connection to localhost:5432 refused. Check that the hostname and port are correct and that the postmaster is accepting TCP/IP connections.] [n/a]
back-end  | 	at org.springframework.orm.jpa.AbstractEntityManagerFactoryBean.buildNativeEntityManagerFactory(AbstractEntityManagerFactoryBean.java:431) ~[spring-orm-6.2.0.jar!/:6.2.0]
back-end  | 	at org.springframework.orm.jpa.AbstractEntityManagerFactoryBean.afterPropertiesSet(AbstractEntityManagerFactoryBean.java:400) ~[spring-orm-6.2.0.jar!/:6.2.0]
back-end  | 	at org.springframework.orm.jpa.LocalContainerEntityManagerFactoryBean.afterPropertiesSet(LocalContainerEntityManagerFactoryBean.java:366) ~[spring-orm-6.2.0.jar!/:6.2.0]
back-end  | 	at org.springframework.beans.factory.support.AbstractAutowireCapableBeanFactory.invokeInitMethods(AbstractAutowireCapableBeanFactory.java:1849) ~[spring-beans-6.2.0.jar!/:6.2.0]
back-end  | 	at org.springframework.beans.factory.support.AbstractAutowireCapableBeanFactory.initializeBean(AbstractAutowireCapableBeanFactory.java:1798) ~[spring-beans-6.2.0.jar!/:6.2.0]
back-end  | 	... 20 common frames omitted
back-end  | Caused by: org.hibernate.exception.JDBCConnectionException: Unable to open JDBC Connection for DDL execution [Connection to localhost:5432 refused. Check that the hostname and port are correct and that the postmaster is accepting TCP/IP connections.] [n/a]
back-end  | 	at org.hibernate.exception.internal.SQLStateConversionDelegate.convert(SQLStateConversionDelegate.java:100) ~[hibernate-core-6.6.2.Final.jar!/:6.6.2.Final]
back-end  | 	at org.hibernate.exception.internal.StandardSQLExceptionConverter.convert(StandardSQLExceptionConverter.java:58) ~[hibernate-core-6.6.2.Final.jar!/:6.6.2.Final]
back-end  | 	at org.hibernate.engine.jdbc.spi.SqlExceptionHelper.convert(SqlExceptionHelper.java:108) ~[hibernate-core-6.6.2.Final.jar!/:6.6.2.Final]
back-end  | 	at org.hibernate.engine.jdbc.spi.SqlExceptionHelper.convert(SqlExceptionHelper.java:94) ~[hibernate-core-6.6.2.Final.jar!/:6.6.2.Final]
back-end  | 	at org.hibernate.resource.transaction.backend.jdbc.internal.DdlTransactionIsolatorNonJtaImpl.getIsolatedConnection(DdlTransactionIsolatorNonJtaImpl.java:74) ~[hibernate-core-6.6.2.Final.jar!/:6.6.2.Final]
back-end  | 	at org.hibernate.resource.transaction.backend.jdbc.internal.DdlTransactionIsolatorNonJtaImpl.getIsolatedConnection(DdlTransactionIsolatorNonJtaImpl.java:39) ~[hibernate-core-6.6.2.Final.jar!/:6.6.2.Final]
back-end  | 	at org.hibernate.tool.schema.internal.exec.ImprovedExtractionContextImpl.getJdbcConnection(ImprovedExtractionContextImpl.java:63) ~[hibernate-core-6.6.2.Final.jar!/:6.6.2.Final]
back-end  | 	at org.hibernate.tool.schema.extract.spi.ExtractionContext.getQueryResults(ExtractionContext.java:43) ~[hibernate-core-6.6.2.Final.jar!/:6.6.2.Final]
back-end  | 	at org.hibernate.tool.schema.extract.internal.SequenceInformationExtractorLegacyImpl.extractMetadata(SequenceInformationExtractorLegacyImpl.java:39) ~[hibernate-core-6.6.2.Final.jar!/:6.6.2.Final]
back-end  | 	at org.hibernate.tool.schema.extract.internal.DatabaseInformationImpl.initializeSequences(DatabaseInformationImpl.java:66) ~[hibernate-core-6.6.2.Final.jar!/:6.6.2.Final]
back-end  | 	at org.hibernate.tool.schema.extract.internal.DatabaseInformationImpl.<init>(DatabaseInformationImpl.java:60) ~[hibernate-core-6.6.2.Final.jar!/:6.6.2.Final]
back-end  | 	at org.hibernate.tool.schema.internal.Helper.buildDatabaseInformation(Helper.java:185) ~[hibernate-core-6.6.2.Final.jar!/:6.6.2.Final]
back-end  | 	at org.hibernate.tool.schema.internal.AbstractSchemaMigrator.doMigration(AbstractSchemaMigrator.java:93) ~[hibernate-core-6.6.2.Final.jar!/:6.6.2.Final]
back-end  | 	at org.hibernate.tool.schema.spi.SchemaManagementToolCoordinator.performDatabaseAction(SchemaManagementToolCoordinator.java:280) ~[hibernate-core-6.6.2.Final.jar!/:6.6.2.Final]
back-end  | 	at org.hibernate.tool.schema.spi.SchemaManagementToolCoordinator.lambda$process$5(SchemaManagementToolCoordinator.java:144) ~[hibernate-core-6.6.2.Final.jar!/:6.6.2.Final]
back-end  | 	at java.base/java.util.HashMap.forEach(HashMap.java:1429) ~[na:na]
back-end  | 	at org.hibernate.tool.schema.spi.SchemaManagementToolCoordinator.process(SchemaManagementToolCoordinator.java:141) ~[hibernate-core-6.6.2.Final.jar!/:6.6.2.Final]
back-end  | 	at org.hibernate.boot.internal.SessionFactoryObserverForSchemaExport.sessionFactoryCreated(SessionFactoryObserverForSchemaExport.java:37) ~[hibernate-core-6.6.2.Final.jar!/:6.6.2.Final]
back-end  | 	at org.hibernate.internal.SessionFactoryObserverChain.sessionFactoryCreated(SessionFactoryObserverChain.java:35) ~[hibernate-core-6.6.2.Final.jar!/:6.6.2.Final]
back-end  | 	at org.hibernate.internal.SessionFactoryImpl.<init>(SessionFactoryImpl.java:324) ~[hibernate-core-6.6.2.Final.jar!/:6.6.2.Final]
back-end  | 	at org.hibernate.boot.internal.SessionFactoryBuilderImpl.build(SessionFactoryBuilderImpl.java:463) ~[hibernate-core-6.6.2.Final.jar!/:6.6.2.Final]
back-end  | 	at org.hibernate.jpa.boot.internal.EntityManagerFactoryBuilderImpl.build(EntityManagerFactoryBuilderImpl.java:1506) ~[hibernate-core-6.6.2.Final.jar!/:6.6.2.Final]
back-end  | 	at org.springframework.orm.jpa.vendor.SpringHibernateJpaPersistenceProvider.createContainerEntityManagerFactory(SpringHibernateJpaPersistenceProvider.java:66) ~[spring-orm-6.2.0.jar!/:6.2.0]
back-end  | 	at org.springframework.orm.jpa.LocalContainerEntityManagerFactoryBean.createNativeEntityManagerFactory(LocalContainerEntityManagerFactoryBean.java:390) ~[spring-orm-6.2.0.jar!/:6.2.0]
back-end  | 	at org.springframework.orm.jpa.AbstractEntityManagerFactoryBean.buildNativeEntityManagerFactory(AbstractEntityManagerFactoryBean.java:419) ~[spring-orm-6.2.0.jar!/:6.2.0]
back-end  | 	... 24 common frames omitted
back-end  | Caused by: org.postgresql.util.PSQLException: Connection to localhost:5432 refused. Check that the hostname and port are correct and that the postmaster is accepting TCP/IP connections.
back-end  | 	at org.postgresql.core.v3.ConnectionFactoryImpl.openConnectionImpl(ConnectionFactoryImpl.java:352) ~[postgresql-42.7.4.jar!/:42.7.4]
back-end  | 	at org.postgresql.core.ConnectionFactory.openConnection(ConnectionFactory.java:54) ~[postgresql-42.7.4.jar!/:42.7.4]
back-end  | 	at org.postgresql.jdbc.PgConnection.<init>(PgConnection.java:273) ~[postgresql-42.7.4.jar!/:42.7.4]
back-end  | 	at org.postgresql.Driver.makeConnection(Driver.java:446) ~[postgresql-42.7.4.jar!/:42.7.4]
back-end  | 	at org.postgresql.Driver.connect(Driver.java:298) ~[postgresql-42.7.4.jar!/:42.7.4]
back-end  | 	at com.zaxxer.hikari.util.DriverDataSource.getConnection(DriverDataSource.java:137) ~[HikariCP-5.1.0.jar!/:na]
back-end  | 	at com.zaxxer.hikari.pool.PoolBase.newConnection(PoolBase.java:360) ~[HikariCP-5.1.0.jar!/:na]
back-end  | 	at com.zaxxer.hikari.pool.PoolBase.newPoolEntry(PoolBase.java:202) ~[HikariCP-5.1.0.jar!/:na]
back-end  | 	at com.zaxxer.hikari.pool.HikariPool.createPoolEntry(HikariPool.java:461) ~[HikariCP-5.1.0.jar!/:na]
back-end  | 	at com.zaxxer.hikari.pool.HikariPool.checkFailFast(HikariPool.java:550) ~[HikariCP-5.1.0.jar!/:na]
back-end  | 	at com.zaxxer.hikari.pool.HikariPool.<init>(HikariPool.java:98) ~[HikariCP-5.1.0.jar!/:na]
back-end  | 	at com.zaxxer.hikari.HikariDataSource.getConnection(HikariDataSource.java:111) ~[HikariCP-5.1.0.jar!/:na]
back-end  | 	at org.hibernate.engine.jdbc.connections.internal.DatasourceConnectionProviderImpl.getConnection(DatasourceConnectionProviderImpl.java:126) ~[hibernate-core-6.6.2.Final.jar!/:6.6.2.Final]
back-end  | 	at org.hibernate.engine.jdbc.env.internal.JdbcEnvironmentInitiator$ConnectionProviderJdbcConnectionAccess.obtainConnection(JdbcEnvironmentInitiator.java:467) ~[hibernate-core-6.6.2.Final.jar!/:6.6.2.Final]
back-end  | 	at org.hibernate.resource.transaction.backend.jdbc.internal.DdlTransactionIsolatorNonJtaImpl.getIsolatedConnection(DdlTransactionIsolatorNonJtaImpl.java:46) ~[hibernate-core-6.6.2.Final.jar!/:6.6.2.Final]
back-end  | 	... 44 common frames omitted
back-end  | Caused by: java.net.ConnectException: Connection refused
back-end  | 	at java.base/sun.nio.ch.Net.pollConnect(Native Method) ~[na:na]
back-end  | 	at java.base/sun.nio.ch.Net.pollConnectNow(Net.java:682) ~[na:na]
back-end  | 	at java.base/sun.nio.ch.NioSocketImpl.timedFinishConnect(NioSocketImpl.java:542) ~[na:na]
back-end  | 	at java.base/sun.nio.ch.NioSocketImpl.connect(NioSocketImpl.java:592) ~[na:na]
back-end  | 	at java.base/java.net.SocksSocketImpl.connect(SocksSocketImpl.java:327) ~[na:na]
back-end  | 	at java.base/java.net.Socket.connect(Socket.java:751) ~[na:na]
back-end  | 	at org.postgresql.core.PGStream.createSocket(PGStream.java:260) ~[postgresql-42.7.4.jar!/:42.7.4]
back-end  | 	at org.postgresql.core.PGStream.<init>(PGStream.java:121) ~[postgresql-42.7.4.jar!/:42.7.4]
back-end  | 	at org.postgresql.core.v3.ConnectionFactoryImpl.tryConnect(ConnectionFactoryImpl.java:140) ~[postgresql-42.7.4.jar!/:42.7.4]
back-end  | 	at org.postgresql.core.v3.ConnectionFactoryImpl.openConnectionImpl(ConnectionFactoryImpl.java:268) ~[postgresql-42.7.4.jar!/:42.7.4]
back-end  | 	... 58 common frames omitted
back-end  | 
[Kback-end exited with code 1
